A D/1D_ocean_ice_column////
A D/MLAdjust////
A D/OpenAD////
A D/adjust_nlfs.cs-32x32x1////
A D/adjustment.128x64x1////
A D/adjustment.cs-32x32x1////
A D/advect_cs////
A D/advect_xy////
A D/advect_xz////
A D/aim.5l_Equatorial_Channel////
A D/aim.5l_LatLon////
A D/aim.5l_cs////
A D/bottom_ctrl_5x5////
A D/carbon////
A D/cfc_example////
A D/cfc_offline////
A D/cheapAML_box////
A D/coupled_ucla////
A D/cpl_aim+ocn////
A D/cpl_atm2d+ocn////
A D/deep_anelastic////
A D/dic_example////
A D/dome////
A D/exp0////
A D/exp1////
A D/exp2////
A D/exp4////
A D/exp5////
A D/fizhi-cs-32x32x10////
A D/fizhi-cs-32x32x40////
A D/fizhi-cs-aqualev10////
A D/fizhi-cs-aqualev20////
A D/fizhi-gridalt-hs////
A D/flt_example////
A D/front_relax////
A D/global1x1_tot////
A D/global2x2_tot////
A D/global_ocean.90x40x15////
A D/global_ocean.cs32x15////
A D/global_ocean_ebm////
A D/global_ocean_pressure////
A D/global_with_CFC11////
A D/global_with_exf////
A D/halfpipe_streamice////
A D/hs94.128x64x5////
A D/hs94.1x64x5////
A D/hs94.cs-32x32x5////
A D/ideal_2D_oce////
A D/internal_wave////
A D/inverted_barometer////
A D/isomip////
A D/lab_sea////
A D/matrix_example////
A D/natl_box////
A D/natl_box_adjoint////
A D/natl_box_forward////
A D/natl_box_obcs////
A D/obcs_ctrl////
A D/offline_exf_seaice////
A D/plume_on_slope////
A D/rotating_tank////
A D/seaice_itd////
A D/seaice_obcs////
A D/short_surf_wave////
A D/so_box_biogeo////
A D/solid-body.cs-32x32x1////
A D/spinup_optim////
A D/tidal_basin_2d////
A D/tutorial_advection_in_gyre////
A D/tutorial_baroclinic_gyre////
A D/tutorial_barotropic_gyre////
A D/tutorial_cfc_offline////
A D/tutorial_deep_convection////
A D/tutorial_dic_adjoffline////
A D/tutorial_global_oce_biogeo////
A D/tutorial_global_oce_in_p////
A D/tutorial_global_oce_latlon////
A D/tutorial_global_oce_optim////
A D/tutorial_held_suarez_cs////
A D/tutorial_offline////
A D/tutorial_plume_on_slope////
A D/tutorial_tracer_adjsens////
A D/vermix////
A D/vero////
R D/vero////
R D/spinup_optim////
R D/so_box_biogeo////
R D/seaice_itd////
R D/plume_on_slope////
R D/natl_box_obcs////
R D/natl_box_forward////
R D/natl_box_adjoint////
R D/halfpipe_streamice////
R D/global_with_CFC11////
R D/global_ocean_pressure////
R D/global2x2_tot////
R D/global1x1_tot////
R D/fizhi-cs-aqualev10////
R D/fizhi-cs-32x32x10////
R D/exp5////
R D/exp1////
R D/exp0////
R D/dic_example////
R D/coupled_ucla////
R D/cheapAML_box////
R D/cfc_offline////
R D/carbon////
R D/adjust_nlfs.cs-32x32x1////
