A D/build////
A D/code////
A D/code_ad////
A D/code_ad_nlfs////
A D/code_ad_vecinv////
A D/code_oad////
A D/diags_matlab////
A D/input////
A D/input.dwnslp////
A D/input.idemix////
A D/input.qshyd////
A D/input_ad////
A D/input_ad.bottomdrag////
A D/input_ad.kapgm////
A D/input_ad.kapredi////
A D/input_ad_nlfs////
A D/input_ad_vecinv////
A D/input_oad////
A D/results////
A D/results_ad////
A D/results_ad_nlfs////
A D/results_ad_vecinv////
A D/run////
R D/results_ad_vecinv////
R D/results_ad_nlfs////
R D/results_ad////
R D/input_oad////
R D/input_ad_vecinv////
R D/input_ad_nlfs////
R D/input_ad.kapredi////
R D/input_ad.kapgm////
R D/input_ad.bottomdrag////
R D/input.qshyd////
R D/input.idemix////
R D/diags_matlab////
R D/code_oad////
R D/code_ad_vecinv////
R D/code_ad_nlfs////
