A D/build////
A D/code////
A D/code_ad////
A D/code_ad_seaice_ocean////
A D/code_ad_seaice_only////
A D/input////
A D/input.fd////
A D/input.hb87////
A D/input.lsr////
A D/input.salt_plume////
A D/input_ad////
A D/input_ad.evp////
A D/input_ad.noseaice////
A D/input_ad.noseaicedyn////
A D/input_ad_seaice_ocean////
A D/input_ad_seaice_only////
A D/matlab////
A D/results////
A D/results_ad////
A D/run////
R D/results_ad////
R D/input_ad_seaice_only////
R D/input_ad_seaice_ocean////
R D/input.lsr////
R D/code_ad_seaice_only////
R D/code_ad_seaice_ocean////
